======================================================================
■ 勤怠管理アプリ ネット公開デバッグログ（2026年6月 ログインエラー解決の記録）
======================================================================

【1. 起きていた問題】
本番環境（Vercel）でログインボタンを押すと「ネットワークに接続できませんでした（500エラー）」
となり、管理画面に一歩も進めない状態が発生していた。

【2. 本当の原因と解決手順】
① firebase-admin の依存関係の崩壊
   - 原因：package.json の指定内容と、実際にインストールされていた node_modules の中で
           バージョンの不整合（内部で非対応の 14.0.0 が混入）を起こしていた。
   - 解決：firebase-admin をNext.jsと確実に噛み合う「13.4.0」に固定し、
           手元の古い部品を一度完全に削除してから再構築（クリーンインストール）して正常化。

② 秘密鍵（FIREBASE_PRIVATE_KEY）の形式不正
   - 原因：部品のバグ解消後、Vercel側で「Invalid PEM formatted message」というエラーが出現。
           Vercel側に登録されていた秘密鍵の改行などの形式が不正であったことが判明。
   - 解決：Firebaseの管理画面側で「サービスアカウントキー」を完全新規で新しく発行し、
           Vercelの環境変数へ一文字の狂いもなく綺麗に再登録。

【3. 最終結果】
適切なターミナル環境（cmd）から本番へ再デプロイを実行し、ログインが100%完璧に成功（🎉）。
今後同じ鍵のエラーや部品のバグが起きたときは、このログを最優先で確認すること。
======================================================================